Traceback (most recent call last):
  File "/dcs/21/u2110290/Modules/CS310/RLTekus/training.py", line 77, in <module>
    model = PPO(
  File "/dcs/21/u2110290/.local/lib/python3.9/site-packages/stable_baselines3/ppo/ppo.py", line 164, in __init__
    self._setup_model()
  File "/dcs/21/u2110290/.local/lib/python3.9/site-packages/stable_baselines3/ppo/ppo.py", line 167, in _setup_model
    super()._setup_model()
  File "/dcs/21/u2110290/.local/lib/python3.9/site-packages/stable_baselines3/common/on_policy_algorithm.py", line 120, in _setup_model
    self.policy = self.policy_class(  # pytype:disable=not-instantiable
  File "/dcs/21/u2110290/.local/lib/python3.9/site-packages/stable_baselines3/common/policies.py", line 504, in __init__
    self._build(lr_schedule)
  File "/dcs/21/u2110290/.local/lib/python3.9/site-packages/stable_baselines3/common/policies.py", line 561, in _build
    self._build_mlp_extractor()
  File "/dcs/21/u2110290/.local/lib/python3.9/site-packages/stable_baselines3/common/policies.py", line 547, in _build_mlp_extractor
    self.mlp_extractor = MlpExtractor(
  File "/dcs/21/u2110290/.local/lib/python3.9/site-packages/stable_baselines3/common/torch_layers.py", line 210, in __init__
    self.policy_net = nn.Sequential(*policy_net).to(device)
  File "/dcs/21/u2110290/.local/lib/python3.9/site-packages/torch/nn/modules/container.py", line 104, in __init__
    self.add_module(str(idx), module)
  File "/dcs/21/u2110290/.local/lib/python3.9/site-packages/torch/nn/modules/module.py", line 610, in add_module
    raise TypeError(f"{torch.typename(module)} is not a Module subclass")
TypeError: torch.nn.modules.activation.ReLU is not a Module subclass
srun: error: emu-24: task 0: Exited with exit code 1
