2024-03-03 12:08:10.339758
Logging to Training/Logs/TekusReward1-1C-FINAL
----------------------------------
| rollout/           |           |
|    ep_len_mean     | 432       |
|    ep_rew_mean     | 1521.6722 |
| time/              |           |
|    fps             | 6061      |
|    iterations      | 1         |
|    time_elapsed    | 20        |
|    total_timesteps | 122880    |
----------------------------------
----------------------------------------
| rollout/                |            |
|    ep_len_mean          | 450        |
|    ep_rew_mean          | 1585.4371  |
| time/                   |            |
|    fps                  | 1253       |
|    iterations           | 2          |
|    time_elapsed         | 196        |
|    total_timesteps      | 245760     |
| train/                  |            |
|    approx_kl            | 0.14785372 |
|    clip_fraction        | 0.481      |
|    clip_range           | 0.2        |
|    entropy_loss         | -1.96      |
|    explained_variance   | 0.554      |
|    learning_rate        | 0.0002     |
|    loss                 | 0.17       |
|    n_updates            | 1120       |
|    policy_gradient_loss | -0.0082    |
|    value_loss           | 0.236      |
----------------------------------------
----------------------------------------
| rollout/                |            |
|    ep_len_mean          | 420        |
|    ep_rew_mean          | 1459.6399  |
| time/                   |            |
|    fps                  | 979        |
|    iterations           | 3          |
|    time_elapsed         | 376        |
|    total_timesteps      | 368640     |
| train/                  |            |
|    approx_kl            | 0.14241168 |
|    clip_fraction        | 0.476      |
|    clip_range           | 0.2        |
|    entropy_loss         | -1.92      |
|    explained_variance   | 0.734      |
|    learning_rate        | 0.0002     |
|    loss                 | 0.0867     |
|    n_updates            | 1130       |
|    policy_gradient_loss | -0.00868   |
|    value_loss           | 0.121      |
----------------------------------------
---------------------------------------
| rollout/                |           |
|    ep_len_mean          | 442       |
|    ep_rew_mean          | 1512.1204 |
| time/                   |           |
|    fps                  | 897       |
|    iterations           | 4         |
|    time_elapsed         | 547       |
|    total_timesteps      | 491520    |
| train/                  |           |
|    approx_kl            | 0.1451634 |
|    clip_fraction        | 0.47      |
|    clip_range           | 0.2       |
|    entropy_loss         | -1.87     |
|    explained_variance   | 0.766     |
|    learning_rate        | 0.0002    |
|    loss                 | 0.0416    |
|    n_updates            | 1140      |
|    policy_gradient_loss | -0.00844  |
|    value_loss           | 0.11      |
---------------------------------------
----------------------------------------
| rollout/                |            |
|    ep_len_mean          | 437        |
|    ep_rew_mean          | 1507.8708  |
| time/                   |            |
|    fps                  | 855        |
|    iterations           | 5          |
|    time_elapsed         | 718        |
|    total_timesteps      | 614400     |
| train/                  |            |
|    approx_kl            | 0.15217227 |
|    clip_fraction        | 0.471      |
|    clip_range           | 0.2        |
|    entropy_loss         | -1.79      |
|    explained_variance   | 0.78       |
|    learning_rate        | 0.0002     |
|    loss                 | 0.00107    |
|    n_updates            | 1150       |
|    policy_gradient_loss | -0.00861   |
|    value_loss           | 0.122      |
----------------------------------------
----------------------------------------
| rollout/                |            |
|    ep_len_mean          | 437        |
|    ep_rew_mean          | 1498.2711  |
| time/                   |            |
|    fps                  | 828        |
|    iterations           | 6          |
|    time_elapsed         | 890        |
|    total_timesteps      | 737280     |
| train/                  |            |
|    approx_kl            | 0.15089522 |
|    clip_fraction        | 0.47       |
|    clip_range           | 0.2        |
|    entropy_loss         | -1.81      |
|    explained_variance   | 0.784      |
|    learning_rate        | 0.0002     |
|    loss                 | 0.00342    |
|    n_updates            | 1160       |
|    policy_gradient_loss | -0.00842   |
|    value_loss           | 0.113      |
----------------------------------------
----------------------------------------
| rollout/                |            |
|    ep_len_mean          | 436        |
|    ep_rew_mean          | 1551.1798  |
| time/                   |            |
|    fps                  | 809        |
|    iterations           | 7          |
|    time_elapsed         | 1061       |
|    total_timesteps      | 860160     |
| train/                  |            |
|    approx_kl            | 0.13772115 |
|    clip_fraction        | 0.47       |
|    clip_range           | 0.2        |
|    entropy_loss         | -1.94      |
|    explained_variance   | 0.747      |
|    learning_rate        | 0.0002     |
|    loss                 | 0.000401   |
|    n_updates            | 1170       |
|    policy_gradient_loss | -0.00963   |
|    value_loss           | 0.124      |
----------------------------------------
----------------------------------------
| rollout/                |            |
|    ep_len_mean          | 450        |
|    ep_rew_mean          | 1537.8873  |
| time/                   |            |
|    fps                  | 794        |
|    iterations           | 8          |
|    time_elapsed         | 1236       |
|    total_timesteps      | 983040     |
| train/                  |            |
|    approx_kl            | 0.14250848 |
|    clip_fraction        | 0.464      |
|    clip_range           | 0.2        |
|    entropy_loss         | -1.93      |
|    explained_variance   | 0.766      |
|    learning_rate        | 0.0002     |
|    loss                 | 0.179      |
|    n_updates            | 1180       |
|    policy_gradient_loss | -0.0086    |
|    value_loss           | 0.126      |
----------------------------------------
----------------------------------------
| rollout/                |            |
|    ep_len_mean          | 450        |
|    ep_rew_mean          | 1544.9985  |
| time/                   |            |
|    fps                  | 781        |
|    iterations           | 9          |
|    time_elapsed         | 1415       |
|    total_timesteps      | 1105920    |
| train/                  |            |
|    approx_kl            | 0.14648987 |
|    clip_fraction        | 0.467      |
|    clip_range           | 0.2        |
|    entropy_loss         | -1.87      |
|    explained_variance   | 0.779      |
|    learning_rate        | 0.0002     |
|    loss                 | 0.0474     |
|    n_updates            | 1190       |
|    policy_gradient_loss | -0.00808   |
|    value_loss           | 0.124      |
----------------------------------------
---------------------------------------
| rollout/                |           |
|    ep_len_mean          | 450       |
|    ep_rew_mean          | 1529.7322 |
| time/                   |           |
|    fps                  | 772       |
|    iterations           | 10        |
|    time_elapsed         | 1590      |
|    total_timesteps      | 1228800   |
| train/                  |           |
|    approx_kl            | 0.1403045 |
|    clip_fraction        | 0.469     |
|    clip_range           | 0.2       |
|    entropy_loss         | -1.89     |
|    explained_variance   | 0.768     |
|    learning_rate        | 0.0002    |
|    loss                 | 0.0464    |
|    n_updates            | 1200      |
|    policy_gradient_loss | -0.00855  |
|    value_loss           | 0.125     |
---------------------------------------
----------------------------------------
| rollout/                |            |
|    ep_len_mean          | 434        |
|    ep_rew_mean          | 1465.4786  |
| time/                   |            |
|    fps                  | 767        |
|    iterations           | 11         |
|    time_elapsed         | 1760       |
|    total_timesteps      | 1351680    |
| train/                  |            |
|    approx_kl            | 0.15366265 |
|    clip_fraction        | 0.469      |
|    clip_range           | 0.2        |
|    entropy_loss         | -1.66      |
|    explained_variance   | 0.791      |
|    learning_rate        | 0.0002     |
|    loss                 | 0.037      |
|    n_updates            | 1210       |
|    policy_gradient_loss | -0.0062    |
|    value_loss           | 0.125      |
----------------------------------------
----------------------------------------
| rollout/                |            |
|    ep_len_mean          | 418        |
|    ep_rew_mean          | 1374.3237  |
| time/                   |            |
|    fps                  | 762        |
|    iterations           | 12         |
|    time_elapsed         | 1933       |
|    total_timesteps      | 1474560    |
| train/                  |            |
|    approx_kl            | 0.15288213 |
|    clip_fraction        | 0.465      |
|    clip_range           | 0.2        |
|    entropy_loss         | -1.66      |
|    explained_variance   | 0.787      |
|    learning_rate        | 0.0002     |
|    loss                 | 0.0495     |
|    n_updates            | 1220       |
|    policy_gradient_loss | -0.00648   |
|    value_loss           | 0.115      |
----------------------------------------
----------------------------------------
| rollout/                |            |
|    ep_len_mean          | 429        |
|    ep_rew_mean          | 1472.1     |
| time/                   |            |
|    fps                  | 757        |
|    iterations           | 13         |
|    time_elapsed         | 2108       |
|    total_timesteps      | 1597440    |
| train/                  |            |
|    approx_kl            | 0.16209863 |
|    clip_fraction        | 0.463      |
|    clip_range           | 0.2        |
|    entropy_loss         | -1.6       |
|    explained_variance   | 0.803      |
|    learning_rate        | 0.0002     |
|    loss                 | 0.0112     |
|    n_updates            | 1230       |
|    policy_gradient_loss | -0.00582   |
|    value_loss           | 0.119      |
----------------------------------------
----------------------------------------
| rollout/                |            |
|    ep_len_mean          | 419        |
|    ep_rew_mean          | 1423.7701  |
| time/                   |            |
|    fps                  | 754        |
|    iterations           | 14         |
|    time_elapsed         | 2281       |
|    total_timesteps      | 1720320    |
| train/                  |            |
|    approx_kl            | 0.16658838 |
|    clip_fraction        | 0.464      |
|    clip_range           | 0.2        |
|    entropy_loss         | -1.53      |
|    explained_variance   | 0.81       |
|    learning_rate        | 0.0002     |
|    loss                 | 0.00601    |
|    n_updates            | 1240       |
|    policy_gradient_loss | -0.00471   |
|    value_loss           | 0.11       |
----------------------------------------
----------------------------------------
| rollout/                |            |
|    ep_len_mean          | 449        |
|    ep_rew_mean          | 1534.6517  |
| time/                   |            |
|    fps                  | 750        |
|    iterations           | 15         |
|    time_elapsed         | 2455       |
|    total_timesteps      | 1843200    |
| train/                  |            |
|    approx_kl            | 0.16610357 |
|    clip_fraction        | 0.468      |
|    clip_range           | 0.2        |
|    entropy_loss         | -1.59      |
|    explained_variance   | 0.78       |
|    learning_rate        | 0.0002     |
|    loss                 | -0.00763   |
|    n_updates            | 1250       |
|    policy_gradient_loss | -0.00661   |
|    value_loss           | 0.127      |
----------------------------------------
----------------------------------------
| rollout/                |            |
|    ep_len_mean          | 410        |
|    ep_rew_mean          | 1406.6763  |
| time/                   |            |
|    fps                  | 746        |
|    iterations           | 16         |
|    time_elapsed         | 2634       |
|    total_timesteps      | 1966080    |
| train/                  |            |
|    approx_kl            | 0.17070709 |
|    clip_fraction        | 0.466      |
|    clip_range           | 0.2        |
|    entropy_loss         | -1.51      |
|    explained_variance   | 0.809      |
|    learning_rate        | 0.0002     |
|    loss                 | 0.0201     |
|    n_updates            | 1260       |
|    policy_gradient_loss | -0.00539   |
|    value_loss           | 0.109      |
----------------------------------------
----------------------------------------
| rollout/                |            |
|    ep_len_mean          | 439        |
|    ep_rew_mean          | 1445.8864  |
| time/                   |            |
|    fps                  | 742        |
|    iterations           | 17         |
|    time_elapsed         | 2812       |
|    total_timesteps      | 2088960    |
| train/                  |            |
|    approx_kl            | 0.16380247 |
|    clip_fraction        | 0.466      |
|    clip_range           | 0.2        |
|    entropy_loss         | -1.53      |
|    explained_variance   | 0.803      |
|    learning_rate        | 0.0002     |
|    loss                 | 0.036      |
|    n_updates            | 1270       |
|    policy_gradient_loss | -0.00572   |
|    value_loss           | 0.113      |
----------------------------------------
----------------------------------------
| rollout/                |            |
|    ep_len_mean          | 389        |
|    ep_rew_mean          | 1333.5991  |
| time/                   |            |
|    fps                  | 740        |
|    iterations           | 18         |
|    time_elapsed         | 2987       |
|    total_timesteps      | 2211840    |
| train/                  |            |
|    approx_kl            | 0.16742921 |
|    clip_fraction        | 0.466      |
|    clip_range           | 0.2        |
|    entropy_loss         | -1.57      |
|    explained_variance   | 0.819      |
|    learning_rate        | 0.0002     |
|    loss                 | -0.00972   |
|    n_updates            | 1280       |
|    policy_gradient_loss | -0.00565   |
|    value_loss           | 0.106      |
----------------------------------------
----------------------------------------
| rollout/                |            |
|    ep_len_mean          | 434        |
|    ep_rew_mean          | 1472.2244  |
| time/                   |            |
|    fps                  | 738        |
|    iterations           | 19         |
|    time_elapsed         | 3160       |
|    total_timesteps      | 2334720    |
| train/                  |            |
|    approx_kl            | 0.17202717 |
|    clip_fraction        | 0.465      |
|    clip_range           | 0.2        |
|    entropy_loss         | -1.52      |
|    explained_variance   | 0.801      |
|    learning_rate        | 0.0002     |
|    loss                 | 0.117      |
|    n_updates            | 1290       |
|    policy_gradient_loss | -0.0058    |
|    value_loss           | 0.113      |
----------------------------------------
----------------------------------------
| rollout/                |            |
|    ep_len_mean          | 435        |
|    ep_rew_mean          | 1477.4283  |
| time/                   |            |
|    fps                  | 736        |
|    iterations           | 20         |
|    time_elapsed         | 3335       |
|    total_timesteps      | 2457600    |
| train/                  |            |
|    approx_kl            | 0.17680779 |
|    clip_fraction        | 0.468      |
|    clip_range           | 0.2        |
|    entropy_loss         | -1.46      |
|    explained_variance   | 0.806      |
|    learning_rate        | 0.0002     |
|    loss                 | -0.00619   |
|    n_updates            | 1300       |
|    policy_gradient_loss | -0.00575   |
|    value_loss           | 0.106      |
----------------------------------------
----------------------------------------
| rollout/                |            |
|    ep_len_mean          | 450        |
|    ep_rew_mean          | 1511.64    |
| time/                   |            |
|    fps                  | 735        |
|    iterations           | 21         |
|    time_elapsed         | 3509       |
|    total_timesteps      | 2580480    |
| train/                  |            |
|    approx_kl            | 0.16756344 |
|    clip_fraction        | 0.466      |
|    clip_range           | 0.2        |
|    entropy_loss         | -1.45      |
|    explained_variance   | 0.808      |
|    learning_rate        | 0.0002     |
|    loss                 | 0.00666    |
|    n_updates            | 1310       |
|    policy_gradient_loss | -0.00568   |
|    value_loss           | 0.108      |
----------------------------------------
----------------------------------------
| rollout/                |            |
|    ep_len_mean          | 439        |
|    ep_rew_mean          | 1481.9366  |
| time/                   |            |
|    fps                  | 733        |
|    iterations           | 22         |
|    time_elapsed         | 3685       |
|    total_timesteps      | 2703360    |
| train/                  |            |
|    approx_kl            | 0.17888393 |
|    clip_fraction        | 0.465      |
|    clip_range           | 0.2        |
|    entropy_loss         | -1.36      |
|    explained_variance   | 0.795      |
|    learning_rate        | 0.0002     |
|    loss                 | -0.00756   |
|    n_updates            | 1320       |
|    policy_gradient_loss | -0.00427   |
|    value_loss           | 0.115      |
----------------------------------------
----------------------------------------
| rollout/                |            |
|    ep_len_mean          | 431        |
|    ep_rew_mean          | 1431.5804  |
| time/                   |            |
|    fps                  | 732        |
|    iterations           | 23         |
|    time_elapsed         | 3858       |
|    total_timesteps      | 2826240    |
| train/                  |            |
|    approx_kl            | 0.17626622 |
|    clip_fraction        | 0.464      |
|    clip_range           | 0.2        |
|    entropy_loss         | -1.44      |
|    explained_variance   | 0.805      |
|    learning_rate        | 0.0002     |
|    loss                 | -0.0221    |
|    n_updates            | 1330       |
|    policy_gradient_loss | -0.00408   |
|    value_loss           | 0.112      |
----------------------------------------
----------------------------------------
| rollout/                |            |
|    ep_len_mean          | 422        |
|    ep_rew_mean          | 1423.8434  |
| time/                   |            |
|    fps                  | 731        |
|    iterations           | 24         |
|    time_elapsed         | 4032       |
|    total_timesteps      | 2949120    |
| train/                  |            |
|    approx_kl            | 0.17239694 |
|    clip_fraction        | 0.464      |
|    clip_range           | 0.2        |
|    entropy_loss         | -1.43      |
|    explained_variance   | 0.797      |
|    learning_rate        | 0.0002     |
|    loss                 | 0.0469     |
|    n_updates            | 1340       |
|    policy_gradient_loss | -0.00523   |
|    value_loss           | 0.119      |
----------------------------------------
----------------------------------------
| rollout/                |            |
|    ep_len_mean          | 449        |
|    ep_rew_mean          | 1491.4264  |
| time/                   |            |
|    fps                  | 730        |
|    iterations           | 25         |
|    time_elapsed         | 4207       |
|    total_timesteps      | 3072000    |
| train/                  |            |
|    approx_kl            | 0.16441956 |
|    clip_fraction        | 0.459      |
|    clip_range           | 0.2        |
|    entropy_loss         | -1.42      |
|    explained_variance   | 0.803      |
|    learning_rate        | 0.0002     |
|    loss                 | 0.0274     |
|    n_updates            | 1350       |
|    policy_gradient_loss | -0.00506   |
|    value_loss           | 0.108      |
----------------------------------------
----------------------------------------
| rollout/                |            |
|    ep_len_mean          | 434        |
|    ep_rew_mean          | 1461.6273  |
| time/                   |            |
|    fps                  | 728        |
|    iterations           | 26         |
|    time_elapsed         | 4383       |
|    total_timesteps      | 3194880    |
| train/                  |            |
|    approx_kl            | 0.17277305 |
|    clip_fraction        | 0.464      |
|    clip_range           | 0.2        |
|    entropy_loss         | -1.41      |
|    explained_variance   | 0.799      |
|    learning_rate        | 0.0002     |
|    loss                 | -0.0318    |
|    n_updates            | 1360       |
|    policy_gradient_loss | -0.00505   |
|    value_loss           | 0.104      |
----------------------------------------
----------------------------------------
| rollout/                |            |
|    ep_len_mean          | 441        |
|    ep_rew_mean          | 1465.342   |
| time/                   |            |
|    fps                  | 727        |
|    iterations           | 27         |
|    time_elapsed         | 4557       |
|    total_timesteps      | 3317760    |
| train/                  |            |
|    approx_kl            | 0.16589323 |
|    clip_fraction        | 0.462      |
|    clip_range           | 0.2        |
|    entropy_loss         | -1.47      |
|    explained_variance   | 0.813      |
|    learning_rate        | 0.0002     |
|    loss                 | 0.00134    |
|    n_updates            | 1370       |
|    policy_gradient_loss | -0.00561   |
|    value_loss           | 0.109      |
----------------------------------------
---------------------------------------
| rollout/                |           |
|    ep_len_mean          | 416       |
|    ep_rew_mean          | 1415.1328 |
| time/                   |           |
|    fps                  | 726       |
|    iterations           | 28        |
|    time_elapsed         | 4732      |
|    total_timesteps      | 3440640   |
| train/                  |           |
|    approx_kl            | 0.1786651 |
|    clip_fraction        | 0.463     |
|    clip_range           | 0.2       |
|    entropy_loss         | -1.41     |
|    explained_variance   | 0.813     |
|    learning_rate        | 0.0002    |
|    loss                 | 0.000989  |
|    n_updates            | 1380      |
|    policy_gradient_loss | -0.00527  |
|    value_loss           | 0.108     |
---------------------------------------
---------------------------------------
| rollout/                |           |
|    ep_len_mean          | 418       |
|    ep_rew_mean          | 1463.4017 |
| time/                   |           |
|    fps                  | 726       |
|    iterations           | 29        |
|    time_elapsed         | 4907      |
|    total_timesteps      | 3563520   |
| train/                  |           |
|    approx_kl            | 0.1657152 |
|    clip_fraction        | 0.46      |
|    clip_range           | 0.2       |
|    entropy_loss         | -1.45     |
|    explained_variance   | 0.809     |
|    learning_rate        | 0.0002    |
|    loss                 | -0.0199   |
|    n_updates            | 1390      |
|    policy_gradient_loss | -0.00585  |
|    value_loss           | 0.114     |
---------------------------------------
----------------------------------------
| rollout/                |            |
|    ep_len_mean          | 446        |
|    ep_rew_mean          | 1514.3368  |
| time/                   |            |
|    fps                  | 725        |
|    iterations           | 30         |
|    time_elapsed         | 5084       |
|    total_timesteps      | 3686400    |
| train/                  |            |
|    approx_kl            | 0.16368555 |
|    clip_fraction        | 0.459      |
|    clip_range           | 0.2        |
|    entropy_loss         | -1.47      |
|    explained_variance   | 0.792      |
|    learning_rate        | 0.0002     |
|    loss                 | -0.0293    |
|    n_updates            | 1400       |
|    policy_gradient_loss | -0.00645   |
|    value_loss           | 0.107      |
----------------------------------------
----------------------------------------
| rollout/                |            |
|    ep_len_mean          | 421        |
|    ep_rew_mean          | 1447.3374  |
| time/                   |            |
|    fps                  | 724        |
|    iterations           | 31         |
|    time_elapsed         | 5259       |
|    total_timesteps      | 3809280    |
| train/                  |            |
|    approx_kl            | 0.17146832 |
|    clip_fraction        | 0.461      |
|    clip_range           | 0.2        |
|    entropy_loss         | -1.36      |
|    explained_variance   | 0.799      |
|    learning_rate        | 0.0002     |
|    loss                 | 0.03       |
|    n_updates            | 1410       |
|    policy_gradient_loss | -0.00452   |
|    value_loss           | 0.108      |
----------------------------------------
----------------------------------------
| rollout/                |            |
|    ep_len_mean          | 442        |
|    ep_rew_mean          | 1492.5209  |
| time/                   |            |
|    fps                  | 723        |
|    iterations           | 32         |
|    time_elapsed         | 5436       |
|    total_timesteps      | 3932160    |
| train/                  |            |
|    approx_kl            | 0.17026302 |
|    clip_fraction        | 0.455      |
|    clip_range           | 0.2        |
|    entropy_loss         | -1.36      |
|    explained_variance   | 0.793      |
|    learning_rate        | 0.0002     |
|    loss                 | 0.0338     |
|    n_updates            | 1420       |
|    policy_gradient_loss | -0.00503   |
|    value_loss           | 0.113      |
----------------------------------------
----------------------------------------
| rollout/                |            |
|    ep_len_mean          | 412        |
|    ep_rew_mean          | 1413.6346  |
| time/                   |            |
|    fps                  | 722        |
|    iterations           | 33         |
|    time_elapsed         | 5613       |
|    total_timesteps      | 4055040    |
| train/                  |            |
|    approx_kl            | 0.17009275 |
|    clip_fraction        | 0.456      |
|    clip_range           | 0.2        |
|    entropy_loss         | -1.35      |
|    explained_variance   | 0.796      |
|    learning_rate        | 0.0002     |
|    loss                 | -0.0335    |
|    n_updates            | 1430       |
|    policy_gradient_loss | -0.00604   |
|    value_loss           | 0.114      |
----------------------------------------
----------------------------------------
| rollout/                |            |
|    ep_len_mean          | 440        |
|    ep_rew_mean          | 1520.9551  |
| time/                   |            |
|    fps                  | 721        |
|    iterations           | 34         |
|    time_elapsed         | 5794       |
|    total_timesteps      | 4177920    |
| train/                  |            |
|    approx_kl            | 0.17181271 |
|    clip_fraction        | 0.457      |
|    clip_range           | 0.2        |
|    entropy_loss         | -1.34      |
|    explained_variance   | 0.801      |
|    learning_rate        | 0.0002     |
|    loss                 | 0.0332     |
|    n_updates            | 1440       |
|    policy_gradient_loss | -0.00522   |
|    value_loss           | 0.12       |
----------------------------------------
----------------------------------------
| rollout/                |            |
|    ep_len_mean          | 432        |
|    ep_rew_mean          | 1460.009   |
| time/                   |            |
|    fps                  | 720        |
|    iterations           | 35         |
|    time_elapsed         | 5971       |
|    total_timesteps      | 4300800    |
| train/                  |            |
|    approx_kl            | 0.17560336 |
|    clip_fraction        | 0.454      |
|    clip_range           | 0.2        |
|    entropy_loss         | -1.31      |
|    explained_variance   | 0.811      |
|    learning_rate        | 0.0002     |
|    loss                 | 0.0128     |
|    n_updates            | 1450       |
|    policy_gradient_loss | -0.00504   |
|    value_loss           | 0.111      |
----------------------------------------
---------------------------------------
| rollout/                |           |
|    ep_len_mean          | 423       |
|    ep_rew_mean          | 1483.0469 |
| time/                   |           |
|    fps                  | 719       |
|    iterations           | 36        |
|    time_elapsed         | 6145      |
|    total_timesteps      | 4423680   |
| train/                  |           |
|    approx_kl            | 0.1676365 |
|    clip_fraction        | 0.455     |
|    clip_range           | 0.2       |
|    entropy_loss         | -1.33     |
|    explained_variance   | 0.789     |
|    learning_rate        | 0.0002    |
|    loss                 | 0.0625    |
|    n_updates            | 1460      |
|    policy_gradient_loss | -0.00462  |
|    value_loss           | 0.114     |
---------------------------------------
----------------------------------------
| rollout/                |            |
|    ep_len_mean          | 394        |
|    ep_rew_mean          | 1326.1781  |
| time/                   |            |
|    fps                  | 717        |
|    iterations           | 37         |
|    time_elapsed         | 6337       |
|    total_timesteps      | 4546560    |
| train/                  |            |
|    approx_kl            | 0.16512138 |
|    clip_fraction        | 0.456      |
|    clip_range           | 0.2        |
|    entropy_loss         | -1.34      |
|    explained_variance   | 0.776      |
|    learning_rate        | 0.0002     |
|    loss                 | 0.00808    |
|    n_updates            | 1470       |
|    policy_gradient_loss | -0.00469   |
|    value_loss           | 0.121      |
----------------------------------------
----------------------------------------
| rollout/                |            |
|    ep_len_mean          | 425        |
|    ep_rew_mean          | 1429.5348  |
| time/                   |            |
|    fps                  | 716        |
|    iterations           | 38         |
|    time_elapsed         | 6521       |
|    total_timesteps      | 4669440    |
| train/                  |            |
|    approx_kl            | 0.16402802 |
|    clip_fraction        | 0.455      |
|    clip_range           | 0.2        |
|    entropy_loss         | -1.34      |
|    explained_variance   | 0.78       |
|    learning_rate        | 0.0002     |
|    loss                 | -0.0244    |
|    n_updates            | 1480       |
|    policy_gradient_loss | -0.00545   |
|    value_loss           | 0.122      |
----------------------------------------
----------------------------------------
| rollout/                |            |
|    ep_len_mean          | 445        |
|    ep_rew_mean          | 1564.4879  |
| time/                   |            |
|    fps                  | 715        |
|    iterations           | 39         |
|    time_elapsed         | 6695       |
|    total_timesteps      | 4792320    |
| train/                  |            |
|    approx_kl            | 0.17167515 |
|    clip_fraction        | 0.457      |
|    clip_range           | 0.2        |
|    entropy_loss         | -1.34      |
|    explained_variance   | 0.779      |
|    learning_rate        | 0.0002     |
|    loss                 | -0.0216    |
|    n_updates            | 1490       |
|    policy_gradient_loss | -0.00496   |
|    value_loss           | 0.121      |
----------------------------------------
---------------------------------------
| rollout/                |           |
|    ep_len_mean          | 407       |
|    ep_rew_mean          | 1398.8104 |
| time/                   |           |
|    fps                  | 714       |
|    iterations           | 40        |
|    time_elapsed         | 6882      |
|    total_timesteps      | 4915200   |
| train/                  |           |
|    approx_kl            | 0.1658884 |
|    clip_fraction        | 0.452     |
|    clip_range           | 0.2       |
|    entropy_loss         | -1.31     |
|    explained_variance   | 0.786     |
|    learning_rate        | 0.0002    |
|    loss                 | 0.121     |
|    n_updates            | 1500      |
|    policy_gradient_loss | -0.00471  |
|    value_loss           | 0.12      |
---------------------------------------
----------------------------------------
| rollout/                |            |
|    ep_len_mean          | 450        |
|    ep_rew_mean          | 1553.6277  |
| time/                   |            |
|    fps                  | 713        |
|    iterations           | 41         |
|    time_elapsed         | 7059       |
|    total_timesteps      | 5038080    |
| train/                  |            |
|    approx_kl            | 0.18205799 |
|    clip_fraction        | 0.454      |
|    clip_range           | 0.2        |
|    entropy_loss         | -1.3       |
|    explained_variance   | 0.774      |
|    learning_rate        | 0.0002     |
|    loss                 | 0.0105     |
|    n_updates            | 1510       |
|    policy_gradient_loss | -0.00522   |
|    value_loss           | 0.128      |
----------------------------------------
----------------------------------------
| rollout/                |            |
|    ep_len_mean          | 381        |
|    ep_rew_mean          | 1316.992   |
| time/                   |            |
|    fps                  | 712        |
|    iterations           | 42         |
|    time_elapsed         | 7240       |
|    total_timesteps      | 5160960    |
| train/                  |            |
|    approx_kl            | 0.17273031 |
|    clip_fraction        | 0.452      |
|    clip_range           | 0.2        |
|    entropy_loss         | -1.26      |
|    explained_variance   | 0.771      |
|    learning_rate        | 0.0002     |
|    loss                 | 0.00591    |
|    n_updates            | 1520       |
|    policy_gradient_loss | -0.00399   |
|    value_loss           | 0.121      |
----------------------------------------
----------------------------------------
| rollout/                |            |
|    ep_len_mean          | 402        |
|    ep_rew_mean          | 1386.1237  |
| time/                   |            |
|    fps                  | 711        |
|    iterations           | 43         |
|    time_elapsed         | 7421       |
|    total_timesteps      | 5283840    |
| train/                  |            |
|    approx_kl            | 0.17138456 |
|    clip_fraction        | 0.451      |
|    clip_range           | 0.2        |
|    entropy_loss         | -1.27      |
|    explained_variance   | 0.766      |
|    learning_rate        | 0.0002     |
|    loss                 | 0.05       |
|    n_updates            | 1530       |
|    policy_gradient_loss | -0.0057    |
|    value_loss           | 0.13       |
----------------------------------------
----------------------------------------
| rollout/                |            |
|    ep_len_mean          | 423        |
|    ep_rew_mean          | 1476.5972  |
| time/                   |            |
|    fps                  | 711        |
|    iterations           | 44         |
|    time_elapsed         | 7600       |
|    total_timesteps      | 5406720    |
| train/                  |            |
|    approx_kl            | 0.17056005 |
|    clip_fraction        | 0.451      |
|    clip_range           | 0.2        |
|    entropy_loss         | -1.27      |
|    explained_variance   | 0.77       |
|    learning_rate        | 0.0002     |
|    loss                 | -0.0227    |
|    n_updates            | 1540       |
|    policy_gradient_loss | -0.00477   |
|    value_loss           | 0.126      |
----------------------------------------
---------------------------------------
| rollout/                |           |
|    ep_len_mean          | 393       |
|    ep_rew_mean          | 1370.2231 |
| time/                   |           |
|    fps                  | 710       |
|    iterations           | 45        |
|    time_elapsed         | 7780      |
|    total_timesteps      | 5529600   |
| train/                  |           |
|    approx_kl            | 0.1719793 |
|    clip_fraction        | 0.451     |
|    clip_range           | 0.2       |
|    entropy_loss         | -1.29     |
|    explained_variance   | 0.744     |
|    learning_rate        | 0.0002    |
|    loss                 | -0.0148   |
|    n_updates            | 1550      |
|    policy_gradient_loss | -0.00424  |
|    value_loss           | 0.131     |
---------------------------------------
---------------------------------------
| rollout/                |           |
|    ep_len_mean          | 373       |
|    ep_rew_mean          | 1302.1266 |
| time/                   |           |
|    fps                  | 710       |
|    iterations           | 46        |
|    time_elapsed         | 7957      |
|    total_timesteps      | 5652480   |
| train/                  |           |
|    approx_kl            | 0.1687179 |
|    clip_fraction        | 0.449     |
|    clip_range           | 0.2       |
|    entropy_loss         | -1.28     |
|    explained_variance   | 0.793     |
|    learning_rate        | 0.0002    |
|    loss                 | -0.0462   |
|    n_updates            | 1560      |
|    policy_gradient_loss | -0.00487  |
|    value_loss           | 0.12      |
---------------------------------------
----------------------------------------
| rollout/                |            |
|    ep_len_mean          | 383        |
|    ep_rew_mean          | 1306.3788  |
| time/                   |            |
|    fps                  | 710        |
|    iterations           | 47         |
|    time_elapsed         | 8132       |
|    total_timesteps      | 5775360    |
| train/                  |            |
|    approx_kl            | 0.16956563 |
|    clip_fraction        | 0.451      |
|    clip_range           | 0.2        |
|    entropy_loss         | -1.26      |
|    explained_variance   | 0.77       |
|    learning_rate        | 0.0002     |
|    loss                 | 0.0459     |
|    n_updates            | 1570       |
|    policy_gradient_loss | -0.00528   |
|    value_loss           | 0.123      |
----------------------------------------
----------------------------------------
| rollout/                |            |
|    ep_len_mean          | 427        |
|    ep_rew_mean          | 1440.6487  |
| time/                   |            |
|    fps                  | 709        |
|    iterations           | 48         |
|    time_elapsed         | 8310       |
|    total_timesteps      | 5898240    |
| train/                  |            |
|    approx_kl            | 0.16924317 |
|    clip_fraction        | 0.447      |
|    clip_range           | 0.2        |
|    entropy_loss         | -1.25      |
|    explained_variance   | 0.77       |
|    learning_rate        | 0.0002     |
|    loss                 | 0.0226     |
|    n_updates            | 1580       |
|    policy_gradient_loss | -0.00386   |
|    value_loss           | 0.125      |
----------------------------------------
---------------------------------------
| rollout/                |           |
|    ep_len_mean          | 400       |
|    ep_rew_mean          | 1398.1122 |
| time/                   |           |
|    fps                  | 709       |
|    iterations           | 49        |
|    time_elapsed         | 8488      |
|    total_timesteps      | 6021120   |
| train/                  |           |
|    approx_kl            | 0.164902  |
|    clip_fraction        | 0.448     |
|    clip_range           | 0.2       |
|    entropy_loss         | -1.28     |
|    explained_variance   | 0.752     |
|    learning_rate        | 0.0002    |
|    loss                 | -0.03     |
|    n_updates            | 1590      |
|    policy_gradient_loss | -0.00518  |
|    value_loss           | 0.132     |
---------------------------------------
----------------------------------------
| rollout/                |            |
|    ep_len_mean          | 430        |
|    ep_rew_mean          | 1481.7782  |
| time/                   |            |
|    fps                  | 708        |
|    iterations           | 50         |
|    time_elapsed         | 8675       |
|    total_timesteps      | 6144000    |
| train/                  |            |
|    approx_kl            | 0.17002882 |
|    clip_fraction        | 0.45       |
|    clip_range           | 0.2        |
|    entropy_loss         | -1.26      |
|    explained_variance   | 0.761      |
|    learning_rate        | 0.0002     |
|    loss                 | 0.0796     |
|    n_updates            | 1600       |
|    policy_gradient_loss | -0.00474   |
|    value_loss           | 0.125      |
----------------------------------------
---------------------------------------
| rollout/                |           |
|    ep_len_mean          | 430       |
|    ep_rew_mean          | 1495.8809 |
| time/                   |           |
|    fps                  | 707       |
|    iterations           | 51        |
|    time_elapsed         | 8863      |
|    total_timesteps      | 6266880   |
| train/                  |           |
|    approx_kl            | 0.173254  |
|    clip_fraction        | 0.45      |
|    clip_range           | 0.2       |
|    entropy_loss         | -1.28     |
|    explained_variance   | 0.742     |
|    learning_rate        | 0.0002    |
|    loss                 | 0.0117    |
|    n_updates            | 1610      |
|    policy_gradient_loss | -0.00423  |
|    value_loss           | 0.127     |
---------------------------------------
----------------------------------------
| rollout/                |            |
|    ep_len_mean          | 391        |
|    ep_rew_mean          | 1367.0354  |
| time/                   |            |
|    fps                  | 706        |
|    iterations           | 52         |
|    time_elapsed         | 9041       |
|    total_timesteps      | 6389760    |
| train/                  |            |
|    approx_kl            | 0.16591129 |
|    clip_fraction        | 0.454      |
|    clip_range           | 0.2        |
|    entropy_loss         | -1.28      |
|    explained_variance   | 0.736      |
|    learning_rate        | 0.0002     |
|    loss                 | 0.00257    |
|    n_updates            | 1620       |
|    policy_gradient_loss | -0.00549   |
|    value_loss           | 0.127      |
----------------------------------------
----------------------------------------
| rollout/                |            |
|    ep_len_mean          | 360        |
|    ep_rew_mean          | 1262.6704  |
| time/                   |            |
|    fps                  | 706        |
|    iterations           | 53         |
|    time_elapsed         | 9217       |
|    total_timesteps      | 6512640    |
| train/                  |            |
|    approx_kl            | 0.16362378 |
|    clip_fraction        | 0.451      |
|    clip_range           | 0.2        |
|    entropy_loss         | -1.32      |
|    explained_variance   | 0.755      |
|    learning_rate        | 0.0002     |
|    loss                 | 0.0196     |
|    n_updates            | 1630       |
|    policy_gradient_loss | -0.00586   |
|    value_loss           | 0.128      |
----------------------------------------
----------------------------------------
| rollout/                |            |
|    ep_len_mean          | 435        |
|    ep_rew_mean          | 1504.5447  |
| time/                   |            |
|    fps                  | 706        |
|    iterations           | 54         |
|    time_elapsed         | 9395       |
|    total_timesteps      | 6635520    |
| train/                  |            |
|    approx_kl            | 0.16220722 |
|    clip_fraction        | 0.448      |
|    clip_range           | 0.2        |
|    entropy_loss         | -1.33      |
|    explained_variance   | 0.761      |
|    learning_rate        | 0.0002     |
|    loss                 | 0.113      |
|    n_updates            | 1640       |
|    policy_gradient_loss | -0.00578   |
|    value_loss           | 0.119      |
----------------------------------------
----------------------------------------
| rollout/                |            |
|    ep_len_mean          | 424        |
|    ep_rew_mean          | 1476.2664  |
| time/                   |            |
|    fps                  | 705        |
|    iterations           | 55         |
|    time_elapsed         | 9577       |
|    total_timesteps      | 6758400    |
| train/                  |            |
|    approx_kl            | 0.16399342 |
|    clip_fraction        | 0.453      |
|    clip_range           | 0.2        |
|    entropy_loss         | -1.32      |
|    explained_variance   | 0.746      |
|    learning_rate        | 0.0002     |
|    loss                 | 0.0385     |
|    n_updates            | 1650       |
|    policy_gradient_loss | -0.00691   |
|    value_loss           | 0.126      |
----------------------------------------
----------------------------------------
| rollout/                |            |
|    ep_len_mean          | 399        |
|    ep_rew_mean          | 1396.1825  |
| time/                   |            |
|    fps                  | 705        |
|    iterations           | 56         |
|    time_elapsed         | 9759       |
|    total_timesteps      | 6881280    |
| train/                  |            |
|    approx_kl            | 0.16647334 |
|    clip_fraction        | 0.45       |
|    clip_range           | 0.2        |
|    entropy_loss         | -1.29      |
|    explained_variance   | 0.733      |
|    learning_rate        | 0.0002     |
|    loss                 | -0.0258    |
|    n_updates            | 1660       |
|    policy_gradient_loss | -0.00608   |
|    value_loss           | 0.129      |
----------------------------------------
----------------------------------------
| rollout/                |            |
|    ep_len_mean          | 412        |
|    ep_rew_mean          | 1446.2987  |
| time/                   |            |
|    fps                  | 704        |
|    iterations           | 57         |
|    time_elapsed         | 9937       |
|    total_timesteps      | 7004160    |
| train/                  |            |
|    approx_kl            | 0.16260715 |
|    clip_fraction        | 0.45       |
|    clip_range           | 0.2        |
|    entropy_loss         | -1.31      |
|    explained_variance   | 0.747      |
|    learning_rate        | 0.0002     |
|    loss                 | 0.0135     |
|    n_updates            | 1670       |
|    policy_gradient_loss | -0.00606   |
|    value_loss           | 0.123      |
----------------------------------------
----------------------------------------
| rollout/                |            |
|    ep_len_mean          | 426        |
|    ep_rew_mean          | 1495.345   |
| time/                   |            |
|    fps                  | 702        |
|    iterations           | 58         |
|    time_elapsed         | 10150      |
|    total_timesteps      | 7127040    |
| train/                  |            |
|    approx_kl            | 0.16926225 |
|    clip_fraction        | 0.449      |
|    clip_range           | 0.2        |
|    entropy_loss         | -1.26      |
|    explained_variance   | 0.736      |
|    learning_rate        | 0.0002     |
|    loss                 | 0.0162     |
|    n_updates            | 1680       |
|    policy_gradient_loss | -0.00585   |
|    value_loss           | 0.133      |
----------------------------------------
----------------------------------------
| rollout/                |            |
|    ep_len_mean          | 405        |
|    ep_rew_mean          | 1388.9221  |
| time/                   |            |
|    fps                  | 701        |
|    iterations           | 59         |
|    time_elapsed         | 10333      |
|    total_timesteps      | 7249920    |
| train/                  |            |
|    approx_kl            | 0.16866152 |
|    clip_fraction        | 0.448      |
|    clip_range           | 0.2        |
|    entropy_loss         | -1.28      |
|    explained_variance   | 0.753      |
|    learning_rate        | 0.0002     |
|    loss                 | 0.0311     |
|    n_updates            | 1690       |
|    policy_gradient_loss | -0.00621   |
|    value_loss           | 0.126      |
----------------------------------------
----------------------------------------
| rollout/                |            |
|    ep_len_mean          | 389        |
|    ep_rew_mean          | 1348.7698  |
| time/                   |            |
|    fps                  | 701        |
|    iterations           | 60         |
|    time_elapsed         | 10512      |
|    total_timesteps      | 7372800    |
| train/                  |            |
|    approx_kl            | 0.16683531 |
|    clip_fraction        | 0.447      |
|    clip_range           | 0.2        |
|    entropy_loss         | -1.28      |
|    explained_variance   | 0.752      |
|    learning_rate        | 0.0002     |
|    loss                 | 0.0432     |
|    n_updates            | 1700       |
|    policy_gradient_loss | -0.00583   |
|    value_loss           | 0.123      |
----------------------------------------
----------------------------------------
| rollout/                |            |
|    ep_len_mean          | 407        |
|    ep_rew_mean          | 1424.0637  |
| time/                   |            |
|    fps                  | 701        |
|    iterations           | 61         |
|    time_elapsed         | 10690      |
|    total_timesteps      | 7495680    |
| train/                  |            |
|    approx_kl            | 0.16255216 |
|    clip_fraction        | 0.446      |
|    clip_range           | 0.2        |
|    entropy_loss         | -1.29      |
|    explained_variance   | 0.729      |
|    learning_rate        | 0.0002     |
|    loss                 | 0.0155     |
|    n_updates            | 1710       |
|    policy_gradient_loss | -0.00631   |
|    value_loss           | 0.137      |
----------------------------------------
----------------------------------------
| rollout/                |            |
|    ep_len_mean          | 409        |
|    ep_rew_mean          | 1428.4556  |
| time/                   |            |
|    fps                  | 700        |
|    iterations           | 62         |
|    time_elapsed         | 10877      |
|    total_timesteps      | 7618560    |
| train/                  |            |
|    approx_kl            | 0.16382097 |
|    clip_fraction        | 0.449      |
|    clip_range           | 0.2        |
|    entropy_loss         | -1.3       |
|    explained_variance   | 0.754      |
|    learning_rate        | 0.0002     |
|    loss                 | 0.0238     |
|    n_updates            | 1720       |
|    policy_gradient_loss | -0.00611   |
|    value_loss           | 0.132      |
----------------------------------------
---------------------------------------
| rollout/                |           |
|    ep_len_mean          | 427       |
|    ep_rew_mean          | 1498.871  |
| time/                   |           |
|    fps                  | 700       |
|    iterations           | 63        |
|    time_elapsed         | 11055     |
|    total_timesteps      | 7741440   |
| train/                  |           |
|    approx_kl            | 0.1645436 |
|    clip_fraction        | 0.446     |
|    clip_range           | 0.2       |
|    entropy_loss         | -1.28     |
|    explained_variance   | 0.74      |
|    learning_rate        | 0.0002    |
|    loss                 | 0.0136    |
|    n_updates            | 1730      |
|    policy_gradient_loss | -0.0054   |
|    value_loss           | 0.131     |
---------------------------------------
----------------------------------------
| rollout/                |            |
|    ep_len_mean          | 379        |
|    ep_rew_mean          | 1325.6477  |
| time/                   |            |
|    fps                  | 700        |
|    iterations           | 64         |
|    time_elapsed         | 11232      |
|    total_timesteps      | 7864320    |
| train/                  |            |
|    approx_kl            | 0.16323917 |
|    clip_fraction        | 0.445      |
|    clip_range           | 0.2        |
|    entropy_loss         | -1.31      |
|    explained_variance   | 0.76       |
|    learning_rate        | 0.0002     |
|    loss                 | -0.0524    |
|    n_updates            | 1740       |
|    policy_gradient_loss | -0.00567   |
|    value_loss           | 0.122      |
----------------------------------------
----------------------------------------
| rollout/                |            |
|    ep_len_mean          | 385        |
|    ep_rew_mean          | 1344.3164  |
| time/                   |            |
|    fps                  | 700        |
|    iterations           | 65         |
|    time_elapsed         | 11410      |
|    total_timesteps      | 7987200    |
| train/                  |            |
|    approx_kl            | 0.15985723 |
|    clip_fraction        | 0.445      |
|    clip_range           | 0.2        |
|    entropy_loss         | -1.29      |
|    explained_variance   | 0.748      |
|    learning_rate        | 0.0002     |
|    loss                 | -0.00703   |
|    n_updates            | 1750       |
|    policy_gradient_loss | -0.00629   |
|    value_loss           | 0.129      |
----------------------------------------
----------------------------------------
| rollout/                |            |
|    ep_len_mean          | 417        |
|    ep_rew_mean          | 1467.9939  |
| time/                   |            |
|    fps                  | 699        |
|    iterations           | 66         |
|    time_elapsed         | 11592      |
|    total_timesteps      | 8110080    |
| train/                  |            |
|    approx_kl            | 0.16151506 |
|    clip_fraction        | 0.445      |
|    clip_range           | 0.2        |
|    entropy_loss         | -1.29      |
|    explained_variance   | 0.724      |
|    learning_rate        | 0.0002     |
|    loss                 | 0.00837    |
|    n_updates            | 1760       |
|    policy_gradient_loss | -0.00667   |
|    value_loss           | 0.14       |
----------------------------------------
---------------------------------------
| rollout/                |           |
|    ep_len_mean          | 364       |
|    ep_rew_mean          | 1294.4169 |
| time/                   |           |
|    fps                  | 699       |
|    iterations           | 67        |
|    time_elapsed         | 11770     |
|    total_timesteps      | 8232960   |
| train/                  |           |
|    approx_kl            | 0.1691521 |
|    clip_fraction        | 0.446     |
|    clip_range           | 0.2       |
|    entropy_loss         | -1.3      |
|    explained_variance   | 0.75      |
|    learning_rate        | 0.0002    |
|    loss                 | 0.0117    |
|    n_updates            | 1770      |
|    policy_gradient_loss | -0.00647  |
|    value_loss           | 0.134     |
---------------------------------------
----------------------------------------
| rollout/                |            |
|    ep_len_mean          | 401        |
|    ep_rew_mean          | 1414.1083  |
| time/                   |            |
|    fps                  | 699        |
|    iterations           | 68         |
|    time_elapsed         | 11948      |
|    total_timesteps      | 8355840    |
| train/                  |            |
|    approx_kl            | 0.16325776 |
|    clip_fraction        | 0.442      |
|    clip_range           | 0.2        |
|    entropy_loss         | -1.29      |
|    explained_variance   | 0.74       |
|    learning_rate        | 0.0002     |
|    loss                 | 0.0507     |
|    n_updates            | 1780       |
|    policy_gradient_loss | -0.00552   |
|    value_loss           | 0.131      |
----------------------------------------
----------------------------------------
| rollout/                |            |
|    ep_len_mean          | 352        |
|    ep_rew_mean          | 1237.5521  |
| time/                   |            |
|    fps                  | 699        |
|    iterations           | 69         |
|    time_elapsed         | 12126      |
|    total_timesteps      | 8478720    |
| train/                  |            |
|    approx_kl            | 0.16042623 |
|    clip_fraction        | 0.442      |
|    clip_range           | 0.2        |
|    entropy_loss         | -1.28      |
|    explained_variance   | 0.76       |
|    learning_rate        | 0.0002     |
|    loss                 | 0.0299     |
|    n_updates            | 1790       |
|    policy_gradient_loss | -0.00667   |
|    value_loss           | 0.128      |
----------------------------------------
----------------------------------------
| rollout/                |            |
|    ep_len_mean          | 404        |
|    ep_rew_mean          | 1416.4895  |
| time/                   |            |
|    fps                  | 699        |
|    iterations           | 70         |
|    time_elapsed         | 12303      |
|    total_timesteps      | 8601600    |
| train/                  |            |
|    approx_kl            | 0.17022806 |
|    clip_fraction        | 0.443      |
|    clip_range           | 0.2        |
|    entropy_loss         | -1.27      |
|    explained_variance   | 0.756      |
|    learning_rate        | 0.0002     |
|    loss                 | 0.00467    |
|    n_updates            | 1800       |
|    policy_gradient_loss | -0.00622   |
|    value_loss           | 0.134      |
----------------------------------------
----------------------------------------
| rollout/                |            |
|    ep_len_mean          | 439        |
|    ep_rew_mean          | 1561.1313  |
| time/                   |            |
|    fps                  | 699        |
|    iterations           | 71         |
|    time_elapsed         | 12480      |
|    total_timesteps      | 8724480    |
| train/                  |            |
|    approx_kl            | 0.16471788 |
|    clip_fraction        | 0.441      |
|    clip_range           | 0.2        |
|    entropy_loss         | -1.26      |
|    explained_variance   | 0.748      |
|    learning_rate        | 0.0002     |
|    loss                 | 0.0151     |
|    n_updates            | 1810       |
|    policy_gradient_loss | -0.00732   |
|    value_loss           | 0.138      |
----------------------------------------
----------------------------------------
| rollout/                |            |
|    ep_len_mean          | 375        |
|    ep_rew_mean          | 1328.8834  |
| time/                   |            |
|    fps                  | 698        |
|    iterations           | 72         |
|    time_elapsed         | 12662      |
|    total_timesteps      | 8847360    |
| train/                  |            |
|    approx_kl            | 0.16021904 |
|    clip_fraction        | 0.444      |
|    clip_range           | 0.2        |
|    entropy_loss         | -1.28      |
|    explained_variance   | 0.724      |
|    learning_rate        | 0.0002     |
|    loss                 | -0.0288    |
|    n_updates            | 1820       |
|    policy_gradient_loss | -0.00616   |
|    value_loss           | 0.136      |
----------------------------------------
----------------------------------------
| rollout/                |            |
|    ep_len_mean          | 420        |
|    ep_rew_mean          | 1484.3231  |
| time/                   |            |
|    fps                  | 698        |
|    iterations           | 73         |
|    time_elapsed         | 12839      |
|    total_timesteps      | 8970240    |
| train/                  |            |
|    approx_kl            | 0.15888052 |
|    clip_fraction        | 0.441      |
|    clip_range           | 0.2        |
|    entropy_loss         | -1.31      |
|    explained_variance   | 0.732      |
|    learning_rate        | 0.0002     |
|    loss                 | 0.0127     |
|    n_updates            | 1830       |
|    policy_gradient_loss | -0.00754   |
|    value_loss           | 0.142      |
----------------------------------------
----------------------------------------
| rollout/                |            |
|    ep_len_mean          | 403        |
|    ep_rew_mean          | 1418.7489  |
| time/                   |            |
|    fps                  | 698        |
|    iterations           | 74         |
|    time_elapsed         | 13022      |
|    total_timesteps      | 9093120    |
| train/                  |            |
|    approx_kl            | 0.16108729 |
|    clip_fraction        | 0.445      |
|    clip_range           | 0.2        |
|    entropy_loss         | -1.29      |
|    explained_variance   | 0.741      |
|    learning_rate        | 0.0002     |
|    loss                 | 0.0669     |
|    n_updates            | 1840       |
|    policy_gradient_loss | -0.00672   |
|    value_loss           | 0.135      |
----------------------------------------
----------------------------------------
| rollout/                |            |
|    ep_len_mean          | 430        |
|    ep_rew_mean          | 1517.7833  |
| time/                   |            |
|    fps                  | 697        |
|    iterations           | 75         |
|    time_elapsed         | 13204      |
|    total_timesteps      | 9216000    |
| train/                  |            |
|    approx_kl            | 0.16377665 |
|    clip_fraction        | 0.445      |
|    clip_range           | 0.2        |
|    entropy_loss         | -1.3       |
|    explained_variance   | 0.71       |
|    learning_rate        | 0.0002     |
|    loss                 | 0.0015     |
|    n_updates            | 1850       |
|    policy_gradient_loss | -0.00717   |
|    value_loss           | 0.14       |
----------------------------------------
----------------------------------------
| rollout/                |            |
|    ep_len_mean          | 429        |
|    ep_rew_mean          | 1537.4235  |
| time/                   |            |
|    fps                  | 697        |
|    iterations           | 76         |
|    time_elapsed         | 13383      |
|    total_timesteps      | 9338880    |
| train/                  |            |
|    approx_kl            | 0.16206369 |
|    clip_fraction        | 0.442      |
|    clip_range           | 0.2        |
|    entropy_loss         | -1.26      |
|    explained_variance   | 0.739      |
|    learning_rate        | 0.0002     |
|    loss                 | 0.0659     |
|    n_updates            | 1860       |
|    policy_gradient_loss | -0.00619   |
|    value_loss           | 0.135      |
----------------------------------------
----------------------------------------
| rollout/                |            |
|    ep_len_mean          | 427        |
|    ep_rew_mean          | 1555.788   |
| time/                   |            |
|    fps                  | 697        |
|    iterations           | 77         |
|    time_elapsed         | 13562      |
|    total_timesteps      | 9461760    |
| train/                  |            |
|    approx_kl            | 0.16374356 |
|    clip_fraction        | 0.439      |
|    clip_range           | 0.2        |
|    entropy_loss         | -1.26      |
|    explained_variance   | 0.733      |
|    learning_rate        | 0.0002     |
|    loss                 | 0.0433     |
|    n_updates            | 1870       |
|    policy_gradient_loss | -0.00643   |
|    value_loss           | 0.134      |
----------------------------------------
----------------------------------------
| rollout/                |            |
|    ep_len_mean          | 417        |
|    ep_rew_mean          | 1482.6736  |
| time/                   |            |
|    fps                  | 697        |
|    iterations           | 78         |
|    time_elapsed         | 13743      |
|    total_timesteps      | 9584640    |
| train/                  |            |
|    approx_kl            | 0.15971285 |
|    clip_fraction        | 0.437      |
|    clip_range           | 0.2        |
|    entropy_loss         | -1.26      |
|    explained_variance   | 0.739      |
|    learning_rate        | 0.0002     |
|    loss                 | 0.0164     |
|    n_updates            | 1880       |
|    policy_gradient_loss | -0.00632   |
|    value_loss           | 0.129      |
----------------------------------------
----------------------------------------
| rollout/                |            |
|    ep_len_mean          | 402        |
|    ep_rew_mean          | 1408.4082  |
| time/                   |            |
|    fps                  | 697        |
|    iterations           | 79         |
|    time_elapsed         | 13923      |
|    total_timesteps      | 9707520    |
| train/                  |            |
|    approx_kl            | 0.16510467 |
|    clip_fraction        | 0.438      |
|    clip_range           | 0.2        |
|    entropy_loss         | -1.26      |
|    explained_variance   | 0.73       |
|    learning_rate        | 0.0002     |
|    loss                 | -0.00931   |
|    n_updates            | 1890       |
|    policy_gradient_loss | -0.00625   |
|    value_loss           | 0.141      |
----------------------------------------
----------------------------------------
| rollout/                |            |
|    ep_len_mean          | 318        |
|    ep_rew_mean          | 1132.1389  |
| time/                   |            |
|    fps                  | 696        |
|    iterations           | 80         |
|    time_elapsed         | 14106      |
|    total_timesteps      | 9830400    |
| train/                  |            |
|    approx_kl            | 0.16437219 |
|    clip_fraction        | 0.439      |
|    clip_range           | 0.2        |
|    entropy_loss         | -1.25      |
|    explained_variance   | 0.733      |
|    learning_rate        | 0.0002     |
|    loss                 | 0.05       |
|    n_updates            | 1900       |
|    policy_gradient_loss | -0.00608   |
|    value_loss           | 0.134      |
----------------------------------------
----------------------------------------
| rollout/                |            |
|    ep_len_mean          | 389        |
|    ep_rew_mean          | 1362.1222  |
| time/                   |            |
|    fps                  | 696        |
|    iterations           | 81         |
|    time_elapsed         | 14290      |
|    total_timesteps      | 9953280    |
| train/                  |            |
|    approx_kl            | 0.16131367 |
|    clip_fraction        | 0.438      |
|    clip_range           | 0.2        |
|    entropy_loss         | -1.24      |
|    explained_variance   | 0.717      |
|    learning_rate        | 0.0002     |
|    loss                 | -0.0018    |
|    n_updates            | 1910       |
|    policy_gradient_loss | -0.00593   |
|    value_loss           | 0.142      |
----------------------------------------
----------------------------------------
| rollout/                |            |
|    ep_len_mean          | 421        |
|    ep_rew_mean          | 1515.0719  |
| time/                   |            |
|    fps                  | 695        |
|    iterations           | 82         |
|    time_elapsed         | 14478      |
|    total_timesteps      | 10076160   |
| train/                  |            |
|    approx_kl            | 0.15918143 |
|    clip_fraction        | 0.441      |
|    clip_range           | 0.2        |
|    entropy_loss         | -1.26      |
|    explained_variance   | 0.747      |
|    learning_rate        | 0.0002     |
|    loss                 | 0.00322    |
|    n_updates            | 1920       |
|    policy_gradient_loss | -0.00632   |
|    value_loss           | 0.134      |
----------------------------------------
